------------------------------------------------------------------------------------------------------------------------------
      name:  <unnamed>
       log:  /Users/yinuozhang/Dropbox/Personal/Midstory/rust belt/stata/createCrosswalk.log
  log type:  text
 opened on:  16 Jul 2022, 18:00:44

. cd "$work"
/Users/yinuozhang/Dropbox/Personal/Midstory/rust belt/stata

. 
. use "$work/crossWalk.dta", clear

. keep ind1990 indnaics

. gsort ind1990 indnaics

. duplicates drop

Duplicates in terms of all variables

(0 observations are duplicates)

. save "$work/crossWalk.dta", replace
file /Users/yinuozhang/Dropbox/Personal/Midstory/rust belt/stata/crossWalk.dta saved

. log close
      name:  <unnamed>
       log:  /Users/yinuozhang/Dropbox/Personal/Midstory/rust belt/stata/createCrosswalk.log
  log type:  text
 closed on:  16 Jul 2022, 18:00:44
------------------------------------------------------------------------------------------------------------------------------
